[0.353s] Invoking command in '/media/ye/E/milk_v/shared/ros_ws/src/ros_chat': PYTHONPATH=/media/ye/E/milk_v/shared/ros_ws/build/ros_chat/prefix_override:/usr/lib/python3/dist-packages/colcon_core/task/python/colcon_distutils_commands:/media/ye/E/milk_v/shared/ros_ws/install/ros_chat/lib/python3.10/site-packages:${PYTHONPATH} /usr/bin/python3 -W ignore:setup.py install is deprecated -W ignore:easy_install command is deprecated setup.py egg_info --egg-base ../../build/ros_chat build --build-base /media/ye/E/milk_v/shared/ros_ws/build/ros_chat/build install --record /media/ye/E/milk_v/shared/ros_ws/build/ros_chat/install.log --single-version-externally-managed install_data
[0.471s] running egg_info
[0.471s] writing ../../build/ros_chat/ros_chat.egg-info/PKG-INFO
[0.472s] writing dependency_links to ../../build/ros_chat/ros_chat.egg-info/dependency_links.txt
[0.472s] writing entry points to ../../build/ros_chat/ros_chat.egg-info/entry_points.txt
[0.472s] writing requirements to ../../build/ros_chat/ros_chat.egg-info/requires.txt
[0.472s] writing top-level names to ../../build/ros_chat/ros_chat.egg-info/top_level.txt
[0.475s] reading manifest file '../../build/ros_chat/ros_chat.egg-info/SOURCES.txt'
[0.477s] writing manifest file '../../build/ros_chat/ros_chat.egg-info/SOURCES.txt'
[0.477s] running build
[0.477s] running build_py
[0.477s] copying ros_chat/ros_chater.py -> /media/ye/E/milk_v/shared/ros_ws/build/ros_chat/build/lib/ros_chat
[0.478s] running install
[0.478s] running install_lib
[0.480s] copying /media/ye/E/milk_v/shared/ros_ws/build/ros_chat/build/lib/ros_chat/ros_chater.py -> /media/ye/E/milk_v/shared/ros_ws/install/ros_chat/lib/python3.10/site-packages/ros_chat
[0.482s] byte-compiling /media/ye/E/milk_v/shared/ros_ws/install/ros_chat/lib/python3.10/site-packages/ros_chat/ros_chater.py to ros_chater.cpython-310.pyc
[0.483s] running install_data
[0.484s] copying package.xml -> /media/ye/E/milk_v/shared/ros_ws/install/ros_chat/share/ros_chat
[0.484s] running install_egg_info
[0.486s] Copying ../../build/ros_chat/ros_chat.egg-info to /media/ye/E/milk_v/shared/ros_ws/install/ros_chat/lib/python3.10/site-packages/ros_chat-0.0.1-py3.10.egg-info
[0.491s] running install_scripts
[0.503s] Installing ros_chater script to /media/ye/E/milk_v/shared/ros_ws/install/ros_chat/lib/ros_chat
[0.503s] writing list of installed files to '/media/ye/E/milk_v/shared/ros_ws/build/ros_chat/install.log'
[0.515s] Invoked command in '/media/ye/E/milk_v/shared/ros_ws/src/ros_chat' returned '0': PYTHONPATH=/media/ye/E/milk_v/shared/ros_ws/build/ros_chat/prefix_override:/usr/lib/python3/dist-packages/colcon_core/task/python/colcon_distutils_commands:/media/ye/E/milk_v/shared/ros_ws/install/ros_chat/lib/python3.10/site-packages:${PYTHONPATH} /usr/bin/python3 -W ignore:setup.py install is deprecated -W ignore:easy_install command is deprecated setup.py egg_info --egg-base ../../build/ros_chat build --build-base /media/ye/E/milk_v/shared/ros_ws/build/ros_chat/build install --record /media/ye/E/milk_v/shared/ros_ws/build/ros_chat/install.log --single-version-externally-managed install_data
