running egg_info
creating ../../build/ros_chat/ros_chat.egg-info
writing ../../build/ros_chat/ros_chat.egg-info/PKG-INFO
writing dependency_links to ../../build/ros_chat/ros_chat.egg-info/dependency_links.txt
writing entry points to ../../build/ros_chat/ros_chat.egg-info/entry_points.txt
writing requirements to ../../build/ros_chat/ros_chat.egg-info/requires.txt
writing top-level names to ../../build/ros_chat/ros_chat.egg-info/top_level.txt
writing manifest file '../../build/ros_chat/ros_chat.egg-info/SOURCES.txt'
reading manifest file '../../build/ros_chat/ros_chat.egg-info/SOURCES.txt'
writing manifest file '../../build/ros_chat/ros_chat.egg-info/SOURCES.txt'
running build
running build_py
creating /media/ye/E/milk_v/shared/ros_ws/build/ros_chat/build
creating /media/ye/E/milk_v/shared/ros_ws/build/ros_chat/build/lib
creating /media/ye/E/milk_v/shared/ros_ws/build/ros_chat/build/lib/ros_chat
copying ros_chat/ros_chater.py -> /media/ye/E/milk_v/shared/ros_ws/build/ros_chat/build/lib/ros_chat
copying ros_chat/__init__.py -> /media/ye/E/milk_v/shared/ros_ws/build/ros_chat/build/lib/ros_chat
running install
running install_lib
creating /media/ye/E/milk_v/shared/ros_ws/install/ros_chat/lib/python3.10/site-packages/ros_chat
copying /media/ye/E/milk_v/shared/ros_ws/build/ros_chat/build/lib/ros_chat/ros_chater.py -> /media/ye/E/milk_v/shared/ros_ws/install/ros_chat/lib/python3.10/site-packages/ros_chat
copying /media/ye/E/milk_v/shared/ros_ws/build/ros_chat/build/lib/ros_chat/__init__.py -> /media/ye/E/milk_v/shared/ros_ws/install/ros_chat/lib/python3.10/site-packages/ros_chat
byte-compiling /media/ye/E/milk_v/shared/ros_ws/install/ros_chat/lib/python3.10/site-packages/ros_chat/ros_chater.py to ros_chater.cpython-310.pyc
byte-compiling /media/ye/E/milk_v/shared/ros_ws/install/ros_chat/lib/python3.10/site-packages/ros_chat/__init__.py to __init__.cpython-310.pyc
running install_data
creating /media/ye/E/milk_v/shared/ros_ws/install/ros_chat/share/ament_index
creating /media/ye/E/milk_v/shared/ros_ws/install/ros_chat/share/ament_index/resource_index
creating /media/ye/E/milk_v/shared/ros_ws/install/ros_chat/share/ament_index/resource_index/packages
copying resource/ros_chat -> /media/ye/E/milk_v/shared/ros_ws/install/ros_chat/share/ament_index/resource_index/packages
copying package.xml -> /media/ye/E/milk_v/shared/ros_ws/install/ros_chat/share/ros_chat
running install_egg_info
Copying ../../build/ros_chat/ros_chat.egg-info to /media/ye/E/milk_v/shared/ros_ws/install/ros_chat/lib/python3.10/site-packages/ros_chat-0.0.0-py3.10.egg-info
running install_scripts
Installing ros_chater script to /media/ye/E/milk_v/shared/ros_ws/install/ros_chat/lib/ros_chat
writing list of installed files to '/media/ye/E/milk_v/shared/ros_ws/build/ros_chat/install.log'
