[0.379s] Invoking command in '/media/ye/E/milk_v/shared/ros_ws/src/ros_chat': PYTHONPATH=/media/ye/E/milk_v/shared/ros_ws/build/ros_chat/prefix_override:/usr/lib/python3/dist-packages/colcon_core/task/python/colcon_distutils_commands:/media/ye/E/milk_v/shared/ros_ws/install/ros_chat/lib/python3.10/site-packages:${PYTHONPATH} /usr/bin/python3 -W ignore:setup.py install is deprecated -W ignore:easy_install command is deprecated setup.py egg_info --egg-base ../../build/ros_chat build --build-base /media/ye/E/milk_v/shared/ros_ws/build/ros_chat/build install --record /media/ye/E/milk_v/shared/ros_ws/build/ros_chat/install.log --single-version-externally-managed install_data
[0.503s] running egg_info
[0.503s] writing ../../build/ros_chat/ros_chat.egg-info/PKG-INFO
[0.503s] writing dependency_links to ../../build/ros_chat/ros_chat.egg-info/dependency_links.txt
[0.504s] writing entry points to ../../build/ros_chat/ros_chat.egg-info/entry_points.txt
[0.504s] writing requirements to ../../build/ros_chat/ros_chat.egg-info/requires.txt
[0.504s] writing top-level names to ../../build/ros_chat/ros_chat.egg-info/top_level.txt
[0.505s] reading manifest file '../../build/ros_chat/ros_chat.egg-info/SOURCES.txt'
[0.507s] writing manifest file '../../build/ros_chat/ros_chat.egg-info/SOURCES.txt'
[0.507s] running build
[0.507s] running build_py
[0.507s] copying ros_chat/ros_chater.py -> /media/ye/E/milk_v/shared/ros_ws/build/ros_chat/build/lib/ros_chat
[0.508s] running install
[0.508s] running install_lib
[0.509s] copying /media/ye/E/milk_v/shared/ros_ws/build/ros_chat/build/lib/ros_chat/ros_chater.py -> /media/ye/E/milk_v/shared/ros_ws/install/ros_chat/lib/python3.10/site-packages/ros_chat
[0.510s] byte-compiling /media/ye/E/milk_v/shared/ros_ws/install/ros_chat/lib/python3.10/site-packages/ros_chat/ros_chater.py to ros_chater.cpython-310.pyc
[0.512s] running install_data
[0.512s] running install_egg_info
[0.513s] removing '/media/ye/E/milk_v/shared/ros_ws/install/ros_chat/lib/python3.10/site-packages/ros_chat-0.0.1-py3.10.egg-info' (and everything under it)
[0.514s] Copying ../../build/ros_chat/ros_chat.egg-info to /media/ye/E/milk_v/shared/ros_ws/install/ros_chat/lib/python3.10/site-packages/ros_chat-0.0.1-py3.10.egg-info
[0.518s] running install_scripts
[0.530s] Installing ros_chater script to /media/ye/E/milk_v/shared/ros_ws/install/ros_chat/lib/ros_chat
[0.531s] writing list of installed files to '/media/ye/E/milk_v/shared/ros_ws/build/ros_chat/install.log'
[0.542s] Invoked command in '/media/ye/E/milk_v/shared/ros_ws/src/ros_chat' returned '0': PYTHONPATH=/media/ye/E/milk_v/shared/ros_ws/build/ros_chat/prefix_override:/usr/lib/python3/dist-packages/colcon_core/task/python/colcon_distutils_commands:/media/ye/E/milk_v/shared/ros_ws/install/ros_chat/lib/python3.10/site-packages:${PYTHONPATH} /usr/bin/python3 -W ignore:setup.py install is deprecated -W ignore:easy_install command is deprecated setup.py egg_info --egg-base ../../build/ros_chat build --build-base /media/ye/E/milk_v/shared/ros_ws/build/ros_chat/build install --record /media/ye/E/milk_v/shared/ros_ws/build/ros_chat/install.log --single-version-externally-managed install_data
