[0.339s] Invoking command in '/media/ye/E/milk_v/shared/ros_ws/src/random_response': PYTHONPATH=/media/ye/E/milk_v/shared/ros_ws/build/random_response/prefix_override:/usr/lib/python3/dist-packages/colcon_core/task/python/colcon_distutils_commands:/media/ye/E/milk_v/shared/ros_ws/install/random_response/lib/python3.10/site-packages:${PYTHONPATH} /usr/bin/python3 -W ignore:setup.py install is deprecated -W ignore:easy_install command is deprecated setup.py egg_info --egg-base ../../build/random_response build --build-base /media/ye/E/milk_v/shared/ros_ws/build/random_response/build install --record /media/ye/E/milk_v/shared/ros_ws/build/random_response/install.log --single-version-externally-managed install_data
[0.452s] running egg_info
[0.452s] creating ../../build/random_response/random_response.egg-info
[0.452s] writing ../../build/random_response/random_response.egg-info/PKG-INFO
[0.452s] writing dependency_links to ../../build/random_response/random_response.egg-info/dependency_links.txt
[0.452s] writing entry points to ../../build/random_response/random_response.egg-info/entry_points.txt
[0.452s] writing requirements to ../../build/random_response/random_response.egg-info/requires.txt
[0.452s] writing top-level names to ../../build/random_response/random_response.egg-info/top_level.txt
[0.453s] writing manifest file '../../build/random_response/random_response.egg-info/SOURCES.txt'
[0.454s] reading manifest file '../../build/random_response/random_response.egg-info/SOURCES.txt'
[0.455s] writing manifest file '../../build/random_response/random_response.egg-info/SOURCES.txt'
[0.455s] running build
[0.455s] running build_py
[0.455s] creating /media/ye/E/milk_v/shared/ros_ws/build/random_response/build
[0.455s] creating /media/ye/E/milk_v/shared/ros_ws/build/random_response/build/lib
[0.455s] creating /media/ye/E/milk_v/shared/ros_ws/build/random_response/build/lib/random_response
[0.455s] copying random_response/random_responser_function.py -> /media/ye/E/milk_v/shared/ros_ws/build/random_response/build/lib/random_response
[0.455s] copying random_response/__init__.py -> /media/ye/E/milk_v/shared/ros_ws/build/random_response/build/lib/random_response
[0.456s] running install
[0.456s] running install_lib
[0.456s] creating /media/ye/E/milk_v/shared/ros_ws/install/random_response/lib/python3.10/site-packages/random_response
[0.457s] copying /media/ye/E/milk_v/shared/ros_ws/build/random_response/build/lib/random_response/random_responser_function.py -> /media/ye/E/milk_v/shared/ros_ws/install/random_response/lib/python3.10/site-packages/random_response
[0.457s] copying /media/ye/E/milk_v/shared/ros_ws/build/random_response/build/lib/random_response/__init__.py -> /media/ye/E/milk_v/shared/ros_ws/install/random_response/lib/python3.10/site-packages/random_response
[0.458s] byte-compiling /media/ye/E/milk_v/shared/ros_ws/install/random_response/lib/python3.10/site-packages/random_response/random_responser_function.py to random_responser_function.cpython-310.pyc
[0.458s] byte-compiling /media/ye/E/milk_v/shared/ros_ws/install/random_response/lib/python3.10/site-packages/random_response/__init__.py to __init__.cpython-310.pyc
[0.459s] running install_data
[0.459s] creating /media/ye/E/milk_v/shared/ros_ws/install/random_response/share/ament_index
[0.459s] creating /media/ye/E/milk_v/shared/ros_ws/install/random_response/share/ament_index/resource_index
[0.459s] creating /media/ye/E/milk_v/shared/ros_ws/install/random_response/share/ament_index/resource_index/packages
[0.459s] copying resource/random_response -> /media/ye/E/milk_v/shared/ros_ws/install/random_response/share/ament_index/resource_index/packages
[0.460s] copying package.xml -> /media/ye/E/milk_v/shared/ros_ws/install/random_response/share/random_response
[0.460s] running install_egg_info
[0.461s] Copying ../../build/random_response/random_response.egg-info to /media/ye/E/milk_v/shared/ros_ws/install/random_response/lib/python3.10/site-packages/random_response-0.0.0-py3.10.egg-info
[0.464s] running install_scripts
[0.475s] Installing random_responser script to /media/ye/E/milk_v/shared/ros_ws/install/random_response/lib/random_response
[0.475s] writing list of installed files to '/media/ye/E/milk_v/shared/ros_ws/build/random_response/install.log'
[0.486s] Invoked command in '/media/ye/E/milk_v/shared/ros_ws/src/random_response' returned '0': PYTHONPATH=/media/ye/E/milk_v/shared/ros_ws/build/random_response/prefix_override:/usr/lib/python3/dist-packages/colcon_core/task/python/colcon_distutils_commands:/media/ye/E/milk_v/shared/ros_ws/install/random_response/lib/python3.10/site-packages:${PYTHONPATH} /usr/bin/python3 -W ignore:setup.py install is deprecated -W ignore:easy_install command is deprecated setup.py egg_info --egg-base ../../build/random_response build --build-base /media/ye/E/milk_v/shared/ros_ws/build/random_response/build install --record /media/ye/E/milk_v/shared/ros_ws/build/random_response/install.log --single-version-externally-managed install_data
