[0.344s] Invoking command in '/media/ye/E/milk_v/shared/ros_ws/src/random_response': PYTHONPATH=/media/ye/E/milk_v/shared/ros_ws/build/random_response/prefix_override:/usr/lib/python3/dist-packages/colcon_core/task/python/colcon_distutils_commands:/media/ye/E/milk_v/shared/ros_ws/install/random_response/lib/python3.10/site-packages:${PYTHONPATH} /usr/bin/python3 -W ignore:setup.py install is deprecated -W ignore:easy_install command is deprecated setup.py egg_info --egg-base ../../build/random_response build --build-base /media/ye/E/milk_v/shared/ros_ws/build/random_response/build install --record /media/ye/E/milk_v/shared/ros_ws/build/random_response/install.log --single-version-externally-managed install_data
[0.464s] running egg_info
[0.464s] writing ../../build/random_response/random_response.egg-info/PKG-INFO
[0.464s] writing dependency_links to ../../build/random_response/random_response.egg-info/dependency_links.txt
[0.464s] writing entry points to ../../build/random_response/random_response.egg-info/entry_points.txt
[0.464s] writing requirements to ../../build/random_response/random_response.egg-info/requires.txt
[0.464s] writing top-level names to ../../build/random_response/random_response.egg-info/top_level.txt
[0.466s] reading manifest file '../../build/random_response/random_response.egg-info/SOURCES.txt'
[0.467s] writing manifest file '../../build/random_response/random_response.egg-info/SOURCES.txt'
[0.468s] running build
[0.468s] running build_py
[0.468s] copying random_response/random_responser_function.py -> /media/ye/E/milk_v/shared/ros_ws/build/random_response/build/lib/random_response
[0.468s] running install
[0.468s] running install_lib
[0.469s] copying /media/ye/E/milk_v/shared/ros_ws/build/random_response/build/lib/random_response/random_responser_function.py -> /media/ye/E/milk_v/shared/ros_ws/install/random_response/lib/python3.10/site-packages/random_response
[0.471s] byte-compiling /media/ye/E/milk_v/shared/ros_ws/install/random_response/lib/python3.10/site-packages/random_response/random_responser_function.py to random_responser_function.cpython-310.pyc
[0.472s] running install_data
[0.472s] running install_egg_info
[0.473s] removing '/media/ye/E/milk_v/shared/ros_ws/install/random_response/lib/python3.10/site-packages/random_response-0.0.0-py3.10.egg-info' (and everything under it)
[0.474s] Copying ../../build/random_response/random_response.egg-info to /media/ye/E/milk_v/shared/ros_ws/install/random_response/lib/python3.10/site-packages/random_response-0.0.0-py3.10.egg-info
[0.478s] running install_scripts
[0.490s] Installing random_responser script to /media/ye/E/milk_v/shared/ros_ws/install/random_response/lib/random_response
[0.490s] writing list of installed files to '/media/ye/E/milk_v/shared/ros_ws/build/random_response/install.log'
[0.500s] Invoked command in '/media/ye/E/milk_v/shared/ros_ws/src/random_response' returned '0': PYTHONPATH=/media/ye/E/milk_v/shared/ros_ws/build/random_response/prefix_override:/usr/lib/python3/dist-packages/colcon_core/task/python/colcon_distutils_commands:/media/ye/E/milk_v/shared/ros_ws/install/random_response/lib/python3.10/site-packages:${PYTHONPATH} /usr/bin/python3 -W ignore:setup.py install is deprecated -W ignore:easy_install command is deprecated setup.py egg_info --egg-base ../../build/random_response build --build-base /media/ye/E/milk_v/shared/ros_ws/build/random_response/build install --record /media/ye/E/milk_v/shared/ros_ws/build/random_response/install.log --single-version-externally-managed install_data
