running egg_info
writing ../../build/random_response/random_response.egg-info/PKG-INFO
writing dependency_links to ../../build/random_response/random_response.egg-info/dependency_links.txt
writing entry points to ../../build/random_response/random_response.egg-info/entry_points.txt
writing requirements to ../../build/random_response/random_response.egg-info/requires.txt
writing top-level names to ../../build/random_response/random_response.egg-info/top_level.txt
reading manifest file '../../build/random_response/random_response.egg-info/SOURCES.txt'
writing manifest file '../../build/random_response/random_response.egg-info/SOURCES.txt'
running build
running build_py
copying random_response/random_responser_function.py -> /media/ye/E/milk_v/shared/ros_ws/build/random_response/build/lib/random_response
running install
running install_lib
copying /media/ye/E/milk_v/shared/ros_ws/build/random_response/build/lib/random_response/random_responser_function.py -> /media/ye/E/milk_v/shared/ros_ws/install/random_response/lib/python3.10/site-packages/random_response
byte-compiling /media/ye/E/milk_v/shared/ros_ws/install/random_response/lib/python3.10/site-packages/random_response/random_responser_function.py to random_responser_function.cpython-310.pyc
running install_data
running install_egg_info
removing '/media/ye/E/milk_v/shared/ros_ws/install/random_response/lib/python3.10/site-packages/random_response-0.0.0-py3.10.egg-info' (and everything under it)
Copying ../../build/random_response/random_response.egg-info to /media/ye/E/milk_v/shared/ros_ws/install/random_response/lib/python3.10/site-packages/random_response-0.0.0-py3.10.egg-info
running install_scripts
Installing random_responser script to /media/ye/E/milk_v/shared/ros_ws/install/random_response/lib/random_response
writing list of installed files to '/media/ye/E/milk_v/shared/ros_ws/build/random_response/install.log'
